This is XeTeX, Version 3.141592653-2.6-0.999993 (TeX Live 2022/dev/Debian) (preloaded format=xelatex 2025.8.13)  14 AUG 2025 18:39
entering extended mode
 restricted \write18 enabled.
 %&-line parsing enabled.
**/home/trim/Documents/GitHub/QuadMath/quadmath/output/tex/quadmath_review.tex
(/home/trim/Documents/GitHub/QuadMath/quadmath/output/tex/quadmath_review.tex
LaTeX2e <2021-11-15> patch level 1
L3 programming layer <2022-01-21>
(/usr/share/texlive/texmf-dist/tex/latex/base/article.cls
Document Class: article 2021/10/04 v1.4n Standard LaTeX document class
(/usr/share/texlive/texmf-dist/tex/latex/base/size10.clo
File: size10.clo 2021/10/04 v1.4n Standard LaTeX file (size option)
)
\c@part=\count181
\c@section=\count182
\c@subsection=\count183
\c@subsubsection=\count184
\c@paragraph=\count185
\c@subparagraph=\count186
\c@figure=\count187
\c@table=\count188
\abovecaptionskip=\skip47
\belowcaptionskip=\skip48
\bibindent=\dimen138
)
(/usr/share/texmf/tex/latex/lm/lmodern.sty
Package: lmodern 2009/10/30 v1.6 Latin Modern Fonts
LaTeX Font Info:    Overwriting symbol font `operators' in version `normal'
(Font)                  OT1/cmr/m/n --> OT1/lmr/m/n on input line 22.
LaTeX Font Info:    Overwriting symbol font `letters' in version `normal'
(Font)                  OML/cmm/m/it --> OML/lmm/m/it on input line 23.
LaTeX Font Info:    Overwriting symbol font `symbols' in version `normal'
(Font)                  OMS/cmsy/m/n --> OMS/lmsy/m/n on input line 24.
LaTeX Font Info:    Overwriting symbol font `largesymbols' in version `normal'
(Font)                  OMX/cmex/m/n --> OMX/lmex/m/n on input line 25.
LaTeX Font Info:    Overwriting symbol font `operators' in version `bold'
(Font)                  OT1/cmr/bx/n --> OT1/lmr/bx/n on input line 26.
LaTeX Font Info:    Overwriting symbol font `letters' in version `bold'
(Font)                  OML/cmm/b/it --> OML/lmm/b/it on input line 27.
LaTeX Font Info:    Overwriting symbol font `symbols' in version `bold'
(Font)                  OMS/cmsy/b/n --> OMS/lmsy/b/n on input line 28.
LaTeX Font Info:    Overwriting symbol font `largesymbols' in version `bold'
(Font)                  OMX/cmex/m/n --> OMX/lmex/m/n on input line 29.
LaTeX Font Info:    Overwriting math alphabet `\mathbf' in version `normal'
(Font)                  OT1/cmr/bx/n --> OT1/lmr/bx/n on input line 31.
LaTeX Font Info:    Overwriting math alphabet `\mathsf' in version `normal'
(Font)                  OT1/cmss/m/n --> OT1/lmss/m/n on input line 32.
LaTeX Font Info:    Overwriting math alphabet `\mathit' in version `normal'
(Font)                  OT1/cmr/m/it --> OT1/lmr/m/it on input line 33.
LaTeX Font Info:    Overwriting math alphabet `\mathtt' in version `normal'
(Font)                  OT1/cmtt/m/n --> OT1/lmtt/m/n on input line 34.
LaTeX Font Info:    Overwriting math alphabet `\mathbf' in version `bold'
(Font)                  OT1/cmr/bx/n --> OT1/lmr/bx/n on input line 35.
LaTeX Font Info:    Overwriting math alphabet `\mathsf' in version `bold'
(Font)                  OT1/cmss/bx/n --> OT1/lmss/bx/n on input line 36.
LaTeX Font Info:    Overwriting math alphabet `\mathit' in version `bold'
(Font)                  OT1/cmr/bx/it --> OT1/lmr/bx/it on input line 37.
LaTeX Font Info:    Overwriting math alphabet `\mathtt' in version `bold'
(Font)                  OT1/cmtt/m/n --> OT1/lmtt/m/n on input line 38.
)
(/usr/share/texlive/texmf-dist/tex/latex/setspace/setspace.sty
Package: setspace 2011/12/19 v6.7a set line spacing
)
(/usr/share/texlive/texmf-dist/tex/latex/amsfonts/amssymb.sty
Package: amssymb 2013/01/14 v3.01 AMS font symbols

(/usr/share/texlive/texmf-dist/tex/latex/amsfonts/amsfonts.sty
Package: amsfonts 2013/01/14 v3.01 Basic AMSFonts support
\@emptytoks=\toks16
\symAMSa=\mathgroup4
\symAMSb=\mathgroup5
LaTeX Font Info:    Redeclaring math symbol \hbar on input line 98.
LaTeX Font Info:    Overwriting math alphabet `\mathfrak' in version `bold'
(Font)                  U/euf/m/n --> U/euf/b/n on input line 106.
))
(/usr/share/texlive/texmf-dist/tex/latex/amsmath/amsmath.sty
Package: amsmath 2021/10/15 v2.17l AMS math features
\@mathmargin=\skip49

For additional information on amsmath, use the `?' option.
(/usr/share/texlive/texmf-dist/tex/latex/amsmath/amstext.sty
Package: amstext 2021/08/26 v2.01 AMS text

(/usr/share/texlive/texmf-dist/tex/latex/amsmath/amsgen.sty
File: amsgen.sty 1999/11/30 v2.0 generic functions
\@emptytoks=\toks17
\ex@=\dimen139
))
(/usr/share/texlive/texmf-dist/tex/latex/amsmath/amsbsy.sty
Package: amsbsy 1999/11/29 v1.2d Bold Symbols
\pmbraise@=\dimen140
)
(/usr/share/texlive/texmf-dist/tex/latex/amsmath/amsopn.sty
Package: amsopn 2021/08/26 v2.02 operator names
)
\inf@bad=\count189
LaTeX Info: Redefining \frac on input line 234.
\uproot@=\count190
\leftroot@=\count191
LaTeX Info: Redefining \overline on input line 399.
\classnum@=\count192
\DOTSCASE@=\count193
LaTeX Info: Redefining \ldots on input line 496.
LaTeX Info: Redefining \dots on input line 499.
LaTeX Info: Redefining \cdots on input line 620.
\Mathstrutbox@=\box50
\strutbox@=\box51
\big@size=\dimen141
LaTeX Font Info:    Redeclaring font encoding OML on input line 743.
LaTeX Font Info:    Redeclaring font encoding OMS on input line 744.
\macc@depth=\count194
\c@MaxMatrixCols=\count195
\dotsspace@=\muskip16
\c@parentequation=\count196
\dspbrk@lvl=\count197
\tag@help=\toks18
\row@=\count198
\column@=\count199
\maxfields@=\count266
\andhelp@=\toks19
\eqnshift@=\dimen142
\alignsep@=\dimen143
\tagshift@=\dimen144
\tagwidth@=\dimen145
\totwidth@=\dimen146
\lineht@=\dimen147
\@envbody=\toks20
\multlinegap=\skip50
\multlinetaggap=\skip51
\mathdisplay@stack=\toks21
LaTeX Info: Redefining \[ on input line 2938.
LaTeX Info: Redefining \] on input line 2939.
)
(/usr/share/texlive/texmf-dist/tex/generic/iftex/ifxetex.sty
Package: ifxetex 2019/10/25 v0.7 ifxetex legacy package. Use iftex instead.

(/usr/share/texlive/texmf-dist/tex/generic/iftex/iftex.sty
Package: iftex 2020/03/06 v1.0d TeX engine tests
))
(/usr/share/texlive/texmf-dist/tex/generic/iftex/ifluatex.sty
Package: ifluatex 2019/10/25 v1.5 ifluatex legacy package. Use iftex instead.
)
(/usr/share/texlive/texmf-dist/tex/latex/unicode-math/unicode-math.sty
(/usr/share/texlive/texmf-dist/tex/latex/l3kernel/expl3.sty
Package: expl3 2022-01-21 L3 programming layer (loader) 

(/usr/share/texlive/texmf-dist/tex/latex/l3backend/l3backend-xetex.def
File: l3backend-xetex.def 2022-01-12 L3 backend support: XeTeX

(|extractbb --version)
\c__kernel_sys_dvipdfmx_version_int=\count267
\l__color_backend_stack_int=\count268
\g__color_backend_stack_int=\count269
\g__graphics_track_int=\count270
\l__pdf_internal_box=\box52
\g__pdf_backend_object_int=\count271
\g__pdf_backend_annotation_int=\count272
\g__pdf_backend_link_int=\count273
))
Package: unicode-math 2020/01/31 v0.8q Unicode maths in XeLaTeX and LuaLaTeX

(/usr/share/texlive/texmf-dist/tex/latex/unicode-math/unicode-math-xetex.sty
Package: unicode-math-xetex 2020/01/31 v0.8q Unicode maths in XeLaTeX and LuaLa
TeX

(/usr/share/texlive/texmf-dist/tex/latex/l3packages/xparse/xparse.sty
Package: xparse 2022-01-12 L3 Experimental document command parser
)
(/usr/share/texlive/texmf-dist/tex/latex/l3packages/l3keys2e/l3keys2e.sty
Package: l3keys2e 2022-01-12 LaTeX2e option processing using LaTeX3 keys
)
(/usr/share/texlive/texmf-dist/tex/latex/fontspec/fontspec.sty
Package: fontspec 2022/01/15 v2.8a Font selection for XeLaTeX and LuaLaTeX

(/usr/share/texlive/texmf-dist/tex/latex/fontspec/fontspec-xetex.sty
Package: fontspec-xetex 2022/01/15 v2.8a Font selection for XeLaTeX and LuaLaTe
X
\l__fontspec_script_int=\count274
\l__fontspec_language_int=\count275
\l__fontspec_strnum_int=\count276
\l__fontspec_tmp_int=\count277
\l__fontspec_tmpa_int=\count278
\l__fontspec_tmpb_int=\count279
\l__fontspec_tmpc_int=\count280
\l__fontspec_em_int=\count281
\l__fontspec_emdef_int=\count282
\l__fontspec_strong_int=\count283
\l__fontspec_strongdef_int=\count284
\l__fontspec_tmpa_dim=\dimen148
\l__fontspec_tmpb_dim=\dimen149
\l__fontspec_tmpc_dim=\dimen150

(/usr/share/texlive/texmf-dist/tex/latex/base/fontenc.sty
Package: fontenc 2021/04/29 v2.0v Standard LaTeX package
)
(/usr/share/texlive/texmf-dist/tex/latex/fontspec/fontspec.cfg)))
(/usr/share/texlive/texmf-dist/tex/latex/base/fix-cm.sty
Package: fix-cm 2020/11/24 v1.1t fixes to LaTeX

(/usr/share/texlive/texmf-dist/tex/latex/base/ts1enc.def
File: ts1enc.def 2001/06/05 v3.0e (jk/car/fm) Standard LaTeX file
LaTeX Font Info:    Redeclaring font encoding TS1 on input line 47.
))
\g__um_fam_int=\count285
\g__um_fonts_used_int=\count286
\l__um_primecount_int=\count287
\g__um_primekern_muskip=\muskip17

(/usr/share/texlive/texmf-dist/tex/latex/unicode-math/unicode-math-table.tex)))

Package fontspec Info: DejaVu Serif scale = 0.8303715005541494.


Package fontspec Info: DejaVu Serif scale = 0.8303715005541494.


Package fontspec Info: DejaVu Serif/B scale = 0.8303715005541494.


Package fontspec Info: DejaVu Serif/I scale = 0.8303715005541494.


Package fontspec Info: DejaVu Serif/BI scale = 0.8303715005541494.


Package fontspec Info: Font family 'DejaVuSerif(0)' created for font 'DejaVu
(fontspec)             Serif' with options
(fontspec)             [Scale=MatchLowercase,Ligatures=TeX,Scale=1].
(fontspec)              
(fontspec)              This font family consists of the following NFSS
(fontspec)             series/shapes:
(fontspec)              
(fontspec)             - 'normal' (m/n) with NFSS spec.: <->s*[1]"DejaVu
(fontspec)             Serif/OT:script=latn;language=dflt;mapping=tex-text;"
(fontspec)             - 'small caps'  (m/sc) with NFSS spec.: 
(fontspec)             - 'bold' (b/n) with NFSS spec.: <->s*[1]"DejaVu
(fontspec)             Serif/B/OT:script=latn;language=dflt;mapping=tex-text;"
(fontspec)             - 'bold small caps'  (b/sc) with NFSS spec.: 
(fontspec)             - 'italic' (m/it) with NFSS spec.: <->s*[1]"DejaVu
(fontspec)             Serif/I/OT:script=latn;language=dflt;mapping=tex-text;"
(fontspec)             - 'italic small caps'  (m/scit) with NFSS spec.: 
(fontspec)             - 'bold italic' (b/it) with NFSS spec.: <->s*[1]"DejaVu
(fontspec)             Serif/BI/OT:script=latn;language=dflt;mapping=tex-text;"

(fontspec)             - 'bold italic small caps'  (b/scit) with NFSS spec.: 

LaTeX Font Info:    Font shape `TU/DejaVuSerif(0)/m/n' will be
(Font)              scaled to size 10.0pt on input line 22.

Package fontspec Info: DejaVu Serif scale = 0.9999970602156039.


Package fontspec Info: DejaVu Serif scale = 0.9999970602156039.


Package fontspec Info: DejaVu Serif/B scale = 0.9999970602156039.


Package fontspec Info: DejaVu Serif/I scale = 0.9999970602156039.


Package fontspec Info: DejaVu Serif/BI scale = 0.9999970602156039.


Package fontspec Info: Font family 'DejaVuSerif(1)' created for font 'DejaVu
(fontspec)             Serif' with options [Scale=MatchLowercase].
(fontspec)              
(fontspec)              This font family consists of the following NFSS
(fontspec)             series/shapes:
(fontspec)              
(fontspec)             - 'normal' (m/n) with NFSS spec.:
(fontspec)             <->s*[0.9999970602156039]"DejaVu
(fontspec)             Serif/OT:script=latn;language=dflt;"
(fontspec)             - 'small caps'  (m/sc) with NFSS spec.: 
(fontspec)             - 'bold' (b/n) with NFSS spec.:
(fontspec)             <->s*[0.9999970602156039]"DejaVu
(fontspec)             Serif/B/OT:script=latn;language=dflt;"
(fontspec)             - 'bold small caps'  (b/sc) with NFSS spec.: 
(fontspec)             - 'italic' (m/it) with NFSS spec.:
(fontspec)             <->s*[0.9999970602156039]"DejaVu
(fontspec)             Serif/I/OT:script=latn;language=dflt;"
(fontspec)             - 'italic small caps'  (m/scit) with NFSS spec.: 
(fontspec)             - 'bold italic' (b/it) with NFSS spec.:
(fontspec)             <->s*[0.9999970602156039]"DejaVu
(fontspec)             Serif/BI/OT:script=latn;language=dflt;"
(fontspec)             - 'bold italic small caps'  (b/scit) with NFSS spec.: 

LaTeX Font Info:    Overwriting math alphabet `\mathrm' in version `normal'
(Font)                  OT1/lmr/m/n --> TU/DejaVuSerif(1)/m/n on input line 22.

LaTeX Font Info:    Overwriting math alphabet `\mathit' in version `normal'
(Font)                  OT1/lmr/m/it --> TU/DejaVuSerif(1)/m/it on input line 2
2.
LaTeX Font Info:    Overwriting math alphabet `\mathbf' in version `normal'
(Font)                  OT1/lmr/bx/n --> TU/DejaVuSerif(1)/b/n on input line 22
.

Package fontspec Info: DejaVu Sans Mono scale = 0.9491044946861198.


Package fontspec Info: DejaVu Sans Mono scale = 0.9491044946861198.


Package fontspec Info: DejaVu Sans Mono/B scale = 0.9491044946861198.


Package fontspec Info: DejaVu Sans Mono/I scale = 0.9491044946861198.


Package fontspec Info: DejaVu Sans Mono/BI scale = 0.9491044946861198.


Package fontspec Info: Font family 'DejaVuSansMono(0)' created for font
(fontspec)             'DejaVu Sans Mono' with options
(fontspec)             [Scale=MatchLowercase,WordSpace={1,0,0},HyphenChar=None,
PunctuationSpace=WordSpace].
(fontspec)              
(fontspec)              This font family consists of the following NFSS
(fontspec)             series/shapes:
(fontspec)              
(fontspec)             - 'normal' (m/n) with NFSS spec.:
(fontspec)             <->s*[0.9491044946861198]"DejaVu Sans
(fontspec)             Mono/OT:script=latn;language=dflt;"
(fontspec)             - 'small caps'  (m/sc) with NFSS spec.: 
(fontspec)             and font adjustment code:
(fontspec)             \fontdimen 2\font =1\fontdimen 2\font \fontdimen 3\font
(fontspec)             =0\fontdimen 3\font \fontdimen 4\font =0\fontdimen
(fontspec)             4\font \fontdimen 7\font =0\fontdimen 2\font
(fontspec)             \tex_hyphenchar:D \font =-1\scan_stop: 
(fontspec)             - 'bold' (b/n) with NFSS spec.:
(fontspec)             <->s*[0.9491044946861198]"DejaVu Sans
(fontspec)             Mono/B/OT:script=latn;language=dflt;"
(fontspec)             - 'bold small caps'  (b/sc) with NFSS spec.: 
(fontspec)             and font adjustment code:
(fontspec)             \fontdimen 2\font =1\fontdimen 2\font \fontdimen 3\font
(fontspec)             =0\fontdimen 3\font \fontdimen 4\font =0\fontdimen
(fontspec)             4\font \fontdimen 7\font =0\fontdimen 2\font
(fontspec)             \tex_hyphenchar:D \font =-1\scan_stop: 
(fontspec)             - 'italic' (m/it) with NFSS spec.:
(fontspec)             <->s*[0.9491044946861198]"DejaVu Sans
(fontspec)             Mono/I/OT:script=latn;language=dflt;"
(fontspec)             - 'italic small caps'  (m/scit) with NFSS spec.: 
(fontspec)             and font adjustment code:
(fontspec)             \fontdimen 2\font =1\fontdimen 2\font \fontdimen 3\font
(fontspec)             =0\fontdimen 3\font \fontdimen 4\font =0\fontdimen
(fontspec)             4\font \fontdimen 7\font =0\fontdimen 2\font
(fontspec)             \tex_hyphenchar:D \font =-1\scan_stop: 
(fontspec)             - 'bold italic' (b/it) with NFSS spec.:
(fontspec)             <->s*[0.9491044946861198]"DejaVu Sans
(fontspec)             Mono/BI/OT:script=latn;language=dflt;"
(fontspec)             - 'bold italic small caps'  (b/scit) with NFSS spec.: 
(fontspec)             and font adjustment code:
(fontspec)             \fontdimen 2\font =1\fontdimen 2\font \fontdimen 3\font
(fontspec)             =0\fontdimen 3\font \fontdimen 4\font =0\fontdimen
(fontspec)             4\font \fontdimen 7\font =0\fontdimen 2\font
(fontspec)             \tex_hyphenchar:D \font =-1\scan_stop: 


Package fontspec Info: DejaVu Sans Mono scale = 0.9491044946861198.


Package fontspec Info: DejaVu Sans Mono scale = 0.9491044946861198.


Package fontspec Info: DejaVu Sans Mono/B scale = 0.9491044946861198.


Package fontspec Info: DejaVu Sans Mono/I scale = 0.9491044946861198.


Package fontspec Info: DejaVu Sans Mono/BI scale = 0.9491044946861198.


Package fontspec Info: Font family 'DejaVuSansMono(1)' created for font
(fontspec)             'DejaVu Sans Mono' with options [Scale=MatchLowercase].
(fontspec)              
(fontspec)              This font family consists of the following NFSS
(fontspec)             series/shapes:
(fontspec)              
(fontspec)             - 'normal' (m/n) with NFSS spec.:
(fontspec)             <->s*[0.9491044946861198]"DejaVu Sans
(fontspec)             Mono/OT:script=latn;language=dflt;"
(fontspec)             - 'small caps'  (m/sc) with NFSS spec.: 
(fontspec)             - 'bold' (b/n) with NFSS spec.:
(fontspec)             <->s*[0.9491044946861198]"DejaVu Sans
(fontspec)             Mono/B/OT:script=latn;language=dflt;"
(fontspec)             - 'bold small caps'  (b/sc) with NFSS spec.: 
(fontspec)             - 'italic' (m/it) with NFSS spec.:
(fontspec)             <->s*[0.9491044946861198]"DejaVu Sans
(fontspec)             Mono/I/OT:script=latn;language=dflt;"
(fontspec)             - 'italic small caps'  (m/scit) with NFSS spec.: 
(fontspec)             - 'bold italic' (b/it) with NFSS spec.:
(fontspec)             <->s*[0.9491044946861198]"DejaVu Sans
(fontspec)             Mono/BI/OT:script=latn;language=dflt;"
(fontspec)             - 'bold italic small caps'  (b/scit) with NFSS spec.: 

LaTeX Font Info:    Overwriting math alphabet `\mathtt' in version `normal'
(Font)                  OT1/lmtt/m/n --> TU/DejaVuSansMono(1)/m/n on input line
 23.
LaTeX Font Info:    Overwriting math alphabet `\mathtt' in version `bold'
(Font)                  OT1/lmtt/m/n --> TU/DejaVuSansMono(1)/b/n on input line
 23.
(/usr/share/texlive/texmf-dist/tex/latex/upquote/upquote.sty
Package: upquote 2012/04/19 v1.3 upright-quote and grave-accent glyphs in verba
tim

(/usr/share/texlive/texmf-dist/tex/latex/base/textcomp.sty
Package: textcomp 2020/02/02 v2.0n Standard LaTeX package
))
(/usr/share/texlive/texmf-dist/tex/latex/microtype/microtype.sty
Package: microtype 2021/12/10 v3.0b Micro-typographical refinements (RS)

(/usr/share/texlive/texmf-dist/tex/latex/graphics/keyval.sty
Package: keyval 2014/10/28 v1.15 key=value parser (DPC)
\KV@toks@=\toks22
)
(/usr/share/texlive/texmf-dist/tex/latex/etoolbox/etoolbox.sty
Package: etoolbox 2020/10/05 v2.5k e-TeX tools for LaTeX (JAW)
\etb@tempcnta=\count288
)
\MT@toks=\toks23
\MT@count=\count289
\MT@tempbox=\box53
LaTeX Info: Redefining \leftprotrusion on input line 1010.
LaTeX Info: Redefining \rightprotrusion on input line 1018.
LaTeX Info: Redefining \textls on input line 1173.
\MT@outer@kern=\dimen151
LaTeX Info: Redefining \textmicrotypecontext on input line 1759.
\MT@listname@count=\count290

(/usr/share/texlive/texmf-dist/tex/latex/microtype/microtype-xetex.def
File: microtype-xetex.def 2021/12/10 v3.0b Definitions specific to xetex (RS)
LaTeX Info: Redefining \lsstyle on input line 234.
)
Package microtype Info: Loading configuration file microtype.cfg.

(/usr/share/texlive/texmf-dist/tex/latex/microtype/microtype.cfg
File: microtype.cfg 2021/12/10 v3.0b microtype main configuration file (RS)
))
(/usr/share/texlive/texmf-dist/tex/latex/parskip/parskip.sty
Package: parskip 2021-03-14 v2.0h non-zero parskip adjustments

(/usr/share/texlive/texmf-dist/tex/latex/kvoptions/kvoptions.sty
Package: kvoptions 2020-10-07 v3.14 Key value format for package options (HO)

(/usr/share/texlive/texmf-dist/tex/generic/ltxcmds/ltxcmds.sty
Package: ltxcmds 2020-05-10 v1.25 LaTeX kernel commands for general use (HO)
)
(/usr/share/texlive/texmf-dist/tex/generic/kvsetkeys/kvsetkeys.sty
Package: kvsetkeys 2019/12/15 v1.18 Key value parser (HO)
)))
(/usr/share/texlive/texmf-dist/tex/latex/xcolor/xcolor.sty
Package: xcolor 2021/10/31 v2.13 LaTeX color extensions (UK)

(/usr/share/texlive/texmf-dist/tex/latex/graphics-cfg/color.cfg
File: color.cfg 2016/01/02 v1.6 sample color configuration
)
Package xcolor Info: Driver file: xetex.def on input line 227.

(/usr/share/texlive/texmf-dist/tex/latex/graphics-def/xetex.def
File: xetex.def 2021/03/18 v5.0k Graphics/color driver for xetex
)
Package xcolor Info: Model `cmy' substituted by `cmy0' on input line 1352.
Package xcolor Info: Model `RGB' extended on input line 1368.
Package xcolor Info: Model `HTML' substituted by `rgb' on input line 1370.
Package xcolor Info: Model `Hsb' substituted by `hsb' on input line 1371.
Package xcolor Info: Model `tHsb' substituted by `hsb' on input line 1372.
Package xcolor Info: Model `HSB' substituted by `hsb' on input line 1373.
Package xcolor Info: Model `Gray' substituted by `gray' on input line 1374.
Package xcolor Info: Model `wave' substituted by `hsb' on input line 1375.

(/usr/share/texlive/texmf-dist/tex/latex/graphics/dvipsnam.def
File: dvipsnam.def 2016/06/17 v3.0m Driver-dependent file (DPC,SPQR)
)
(/usr/share/texlive/texmf-dist/tex/latex/xcolor/svgnam.def
File: svgnam.def 2021/10/31 v2.13 Predefined colors according to SVG 1.1 (UK)
)
(/usr/share/texlive/texmf-dist/tex/latex/xcolor/x11nam.def
File: x11nam.def 2021/10/31 v2.13 Predefined colors according to Unix/X11 (UK)
))
(/usr/share/texlive/texmf-dist/tex/latex/xurl/xurl.sty
Package: xurl 2022/01/09 v 0.10 modify URL breaks

(/usr/share/texlive/texmf-dist/tex/latex/url/url.sty
\Urlmuskip=\muskip18
Package: url 2013/09/16  ver 3.4  Verb mode for urls, etc.
))
(/usr/share/texlive/texmf-dist/tex/latex/bookmark/bookmark.sty
Package: bookmark 2020-11-06 v1.29 PDF bookmarks (HO)

(/usr/share/texlive/texmf-dist/tex/latex/hyperref/hyperref.sty
Package: hyperref 2021-06-07 v7.00m Hypertext links for LaTeX

(/usr/share/texlive/texmf-dist/tex/generic/pdftexcmds/pdftexcmds.sty
Package: pdftexcmds 2020-06-27 v0.33 Utility functions of pdfTeX for LuaTeX (HO
)

(/usr/share/texlive/texmf-dist/tex/generic/infwarerr/infwarerr.sty
Package: infwarerr 2019/12/03 v1.5 Providing info/warning/error messages (HO)
)
Package pdftexcmds Info: \pdf@primitive is available.
Package pdftexcmds Info: \pdf@ifprimitive is available.
Package pdftexcmds Info: \pdfdraftmode not found.
)
(/usr/share/texlive/texmf-dist/tex/generic/kvdefinekeys/kvdefinekeys.sty
Package: kvdefinekeys 2019-12-19 v1.6 Define keys (HO)
)
(/usr/share/texlive/texmf-dist/tex/generic/pdfescape/pdfescape.sty
Package: pdfescape 2019/12/09 v1.15 Implements pdfTeX's escape features (HO)
)
(/usr/share/texlive/texmf-dist/tex/latex/hycolor/hycolor.sty
Package: hycolor 2020-01-27 v1.10 Color options for hyperref/bookmark (HO)
)
(/usr/share/texlive/texmf-dist/tex/latex/letltxmacro/letltxmacro.sty
Package: letltxmacro 2019/12/03 v1.6 Let assignment for LaTeX macros (HO)
)
(/usr/share/texlive/texmf-dist/tex/latex/auxhook/auxhook.sty
Package: auxhook 2019-12-17 v1.6 Hooks for auxiliary files (HO)
)
\@linkdim=\dimen152
\Hy@linkcounter=\count291
\Hy@pagecounter=\count292

(/usr/share/texlive/texmf-dist/tex/latex/hyperref/pd1enc.def
File: pd1enc.def 2021-06-07 v7.00m Hyperref: PDFDocEncoding definition (HO)
)
(/usr/share/texlive/texmf-dist/tex/latex/hyperref/hyperref-langpatches.def
File: hyperref-langpatches.def 2021-06-07 v7.00m Hyperref: patches for babel la
nguages
)
(/usr/share/texlive/texmf-dist/tex/generic/intcalc/intcalc.sty
Package: intcalc 2019/12/15 v1.3 Expandable calculations with integers (HO)
)
(/usr/share/texlive/texmf-dist/tex/generic/etexcmds/etexcmds.sty
Package: etexcmds 2019/12/15 v1.7 Avoid name clashes with e-TeX commands (HO)
)
\Hy@SavedSpaceFactor=\count293

(/usr/share/texlive/texmf-dist/tex/latex/hyperref/puenc.def
File: puenc.def 2021-06-07 v7.00m Hyperref: PDF Unicode definition (HO)
)
Package hyperref Info: Option `unicode' set `true' on input line 4073.
Package hyperref Info: Hyper figures OFF on input line 4192.
Package hyperref Info: Link nesting OFF on input line 4197.
Package hyperref Info: Hyper index ON on input line 4200.
Package hyperref Info: Plain pages OFF on input line 4207.
Package hyperref Info: Backreferencing OFF on input line 4212.
Package hyperref Info: Implicit mode ON; LaTeX internals redefined.
Package hyperref Info: Bookmarks ON on input line 4445.
\c@Hy@tempcnt=\count294
LaTeX Info: Redefining \url on input line 4804.
\XeTeXLinkMargin=\dimen153

(/usr/share/texlive/texmf-dist/tex/generic/bitset/bitset.sty
Package: bitset 2019/12/09 v1.3 Handle bit-vector datatype (HO)

(/usr/share/texlive/texmf-dist/tex/generic/bigintcalc/bigintcalc.sty
Package: bigintcalc 2019/12/15 v1.5 Expandable calculations on big integers (HO
)
))
\Fld@menulength=\count295
\Field@Width=\dimen154
\Fld@charsize=\dimen155
Package hyperref Info: Hyper figures OFF on input line 6076.
Package hyperref Info: Link nesting OFF on input line 6081.
Package hyperref Info: Hyper index ON on input line 6084.
Package hyperref Info: backreferencing OFF on input line 6091.
Package hyperref Info: Link coloring OFF on input line 6096.
Package hyperref Info: Link coloring with OCG OFF on input line 6101.
Package hyperref Info: PDF/A mode OFF on input line 6106.
LaTeX Info: Redefining \ref on input line 6146.
LaTeX Info: Redefining \pageref on input line 6150.

(/usr/share/texlive/texmf-dist/tex/latex/base/atbegshi-ltx.sty
Package: atbegshi-ltx 2021/01/10 v1.0c Emulation of the original atbegshi
package with kernel methods
)
\Hy@abspage=\count296
\c@Item=\count297
\c@Hfootnote=\count298
)
Package hyperref Info: Driver (autodetected): hxetex.

(/usr/share/texlive/texmf-dist/tex/latex/hyperref/hxetex.def
File: hxetex.def 2021-06-07 v7.00m Hyperref driver for XeTeX

(/usr/share/texlive/texmf-dist/tex/generic/stringenc/stringenc.sty
Package: stringenc 2019/11/29 v1.12 Convert strings between diff. encodings (HO
)
)
\pdfm@box=\box54
\c@Hy@AnnotLevel=\count299
\HyField@AnnotCount=\count300
\Fld@listcount=\count301
\c@bookmark@seq@number=\count302

(/usr/share/texlive/texmf-dist/tex/latex/rerunfilecheck/rerunfilecheck.sty
Package: rerunfilecheck 2019/12/05 v1.9 Rerun checks for auxiliary files (HO)

(/usr/share/texlive/texmf-dist/tex/latex/base/atveryend-ltx.sty
Package: atveryend-ltx 2020/08/19 v1.0a Emulation of the original atveryend pac
kage
with kernel methods
)
(/usr/share/texlive/texmf-dist/tex/generic/uniquecounter/uniquecounter.sty
Package: uniquecounter 2019/12/15 v1.4 Provide unlimited unique counter (HO)
)
Package uniquecounter Info: New unique counter `rerunfilecheck' on input line 2
86.
)
\Hy@SectionHShift=\skip52
)
(/usr/share/texlive/texmf-dist/tex/latex/bookmark/bkm-dvipdfm.def
File: bkm-dvipdfm.def 2020-11-06 v1.29 bookmark driver for dvipdfm (HO)
\BKM@id=\count303
))
Package hyperref Info: Option `colorlinks' set `true' on input line 49.

(/usr/share/texlive/texmf-dist/tex/latex/geometry/geometry.sty
Package: geometry 2020/01/02 v5.9 Page Geometry

(/usr/share/texlive/texmf-dist/tex/generic/iftex/ifvtex.sty
Package: ifvtex 2019/10/25 v1.7 ifvtex legacy package. Use iftex instead.
)
\Gm@cnth=\count304
\Gm@cntv=\count305
\c@Gm@tempcnt=\count306
\Gm@bindingoffset=\dimen156
\Gm@wd@mp=\dimen157
\Gm@odd@mp=\dimen158
\Gm@even@mp=\dimen159
\Gm@layoutwidth=\dimen160
\Gm@layoutheight=\dimen161
\Gm@layouthoffset=\dimen162
\Gm@layoutvoffset=\dimen163
\Gm@dimlist=\toks24
)
(/usr/share/texlive/texmf-dist/tex/latex/fancyvrb/fancyvrb.sty
Package: fancyvrb 2021/12/21 4.1b verbatim text (tvz,hv)
\FV@CodeLineNo=\count307
\FV@InFile=\read2
\FV@TabBox=\box55
\c@FancyVerbLine=\count308
\FV@StepNumber=\count309
\FV@OutFile=\write3
)
(/usr/share/texlive/texmf-dist/tex/latex/tools/longtable.sty
Package: longtable 2021-09-01 v4.17 Multi-page Table package (DPC)
\LTleft=\skip53
\LTright=\skip54
\LTpre=\skip55
\LTpost=\skip56
\LTchunksize=\count310
\LTcapwidth=\dimen164
\LT@head=\box56
\LT@firsthead=\box57
\LT@foot=\box58
\LT@lastfoot=\box59
\LT@gbox=\box60
\LT@cols=\count311
\LT@rows=\count312
\c@LT@tables=\count313
\c@LT@chunks=\count314
\LT@p@ftn=\toks25
)
(/usr/share/texlive/texmf-dist/tex/latex/booktabs/booktabs.sty
Package: booktabs 2020/01/12 v1.61803398 Publication quality tables
\heavyrulewidth=\dimen165
\lightrulewidth=\dimen166
\cmidrulewidth=\dimen167
\belowrulesep=\dimen168
\belowbottomsep=\dimen169
\aboverulesep=\dimen170
\abovetopsep=\dimen171
\cmidrulesep=\dimen172
\cmidrulekern=\dimen173
\defaultaddspace=\dimen174
\@cmidla=\count315
\@cmidlb=\count316
\@aboverulesep=\dimen175
\@belowrulesep=\dimen176
\@thisruleclass=\count317
\@lastruleclass=\count318
\@thisrulewidth=\dimen177
)
(/usr/share/texlive/texmf-dist/tex/latex/footnotehyper/footnotehyper.sty
Package: footnotehyper 2021/08/13 v1.1e hyperref aware footnote.sty (JFB)
\FNH@notes=\box61
\FNH@width=\dimen178
\FNH@toks=\toks26
)
(/usr/share/texlive/texmf-dist/tex/latex/graphics/graphicx.sty
Package: graphicx 2021/09/16 v1.2d Enhanced LaTeX Graphics (DPC,SPQR)

(/usr/share/texlive/texmf-dist/tex/latex/graphics/graphics.sty
Package: graphics 2021/03/04 v1.4d Standard LaTeX Graphics (DPC,SPQR)

(/usr/share/texlive/texmf-dist/tex/latex/graphics/trig.sty
Package: trig 2021/08/11 v1.11 sin cos tan (DPC)
)
(/usr/share/texlive/texmf-dist/tex/latex/graphics-cfg/graphics.cfg
File: graphics.cfg 2016/06/04 v1.11 sample graphics configuration
)
Package graphics Info: Driver file: xetex.def on input line 107.
)
\Gin@req@height=\dimen179
\Gin@req@width=\dimen180
)
(/usr/share/texlive/texmf-dist/tex/latex/newunicodechar/newunicodechar.sty
Package: newunicodechar 2018/04/08 v1.2 Defining Unicode characters
)
(/home/trim/Documents/GitHub/QuadMath/quadmath/output/pdf/quadmath_review.aux)
\openout1 = `quadmath_review.aux'.

LaTeX Font Info:    Checking defaults for OML/cmm/m/it on input line 144.
LaTeX Font Info:    ... okay on input line 144.
LaTeX Font Info:    Checking defaults for OMS/cmsy/m/n on input line 144.
LaTeX Font Info:    ... okay on input line 144.
LaTeX Font Info:    Checking defaults for OT1/cmr/m/n on input line 144.
LaTeX Font Info:    ... okay on input line 144.
LaTeX Font Info:    Checking defaults for T1/cmr/m/n on input line 144.
LaTeX Font Info:    ... okay on input line 144.
LaTeX Font Info:    Checking defaults for TS1/cmr/m/n on input line 144.
LaTeX Font Info:    ... okay on input line 144.
LaTeX Font Info:    Checking defaults for TU/lmr/m/n on input line 144.
LaTeX Font Info:    ... okay on input line 144.
LaTeX Font Info:    Checking defaults for OMX/cmex/m/n on input line 144.
LaTeX Font Info:    ... okay on input line 144.
LaTeX Font Info:    Checking defaults for U/cmr/m/n on input line 144.
LaTeX Font Info:    ... okay on input line 144.
LaTeX Font Info:    Checking defaults for PD1/pdf/m/n on input line 144.
LaTeX Font Info:    ... okay on input line 144.
LaTeX Font Info:    Checking defaults for PU/pdf/m/n on input line 144.
LaTeX Font Info:    ... okay on input line 144.
LaTeX Font Info:    Overwriting math alphabet `\mathsf' in version `normal'
(Font)                  OT1/lmss/m/n --> TU/lmss/m/n on input line 144.
LaTeX Font Info:    Overwriting math alphabet `\mathsf' in version `bold'
(Font)                  OT1/lmss/bx/n --> TU/lmss/b/n on input line 144.

Package fontspec Info: latinmodern-math scale = 1.204272448231791.


Package fontspec Info: latinmodern-math scale = 1.204272448231791.


Package fontspec Info: latinmodern-math scale = 1.204272448231791.


Package fontspec Info: Font family 'latinmodern-math.otf(0)' created for font
(fontspec)             'latinmodern-math.otf' with options
(fontspec)             [Scale=MatchLowercase,BoldItalicFont={},ItalicFont={},Sm
allCapsFont={},Script=Math,BoldFont={latinmodern-math.otf}].
(fontspec)              
(fontspec)              This font family consists of the following NFSS
(fontspec)             series/shapes:
(fontspec)              
(fontspec)             - 'normal' (m/n) with NFSS spec.:
(fontspec)             <->s*[1.204272448231791]"[latinmodern-math.otf]/OT:scrip
t=math;language=dflt;"
(fontspec)             - 'small caps'  (m/sc) with NFSS spec.: 
(fontspec)             - 'bold' (b/n) with NFSS spec.:
(fontspec)             <->s*[1.204272448231791]"[latinmodern-math.otf]/OT:scrip
t=math;language=dflt;"
(fontspec)             - 'bold small caps'  (b/sc) with NFSS spec.: 

LaTeX Font Info:    Font shape `TU/latinmodern-math.otf(0)/m/n' will be
(Font)              scaled to size 12.0427pt on input line 144.

Package fontspec Info: latinmodern-math scale = 1.204272448231791.


Package fontspec Info: latinmodern-math scale = 1.204272448231791.


Package fontspec Info: latinmodern-math scale = 1.204272448231791.


Package fontspec Info: latinmodern-math scale = 1.204272448231791.


Package fontspec Info: latinmodern-math scale = 1.204272448231791.


Package fontspec Info: Font family 'latinmodern-math.otf(1)' created for font
(fontspec)             'latinmodern-math.otf' with options
(fontspec)             [Scale=MatchLowercase,BoldItalicFont={},ItalicFont={},Sm
allCapsFont={},Script=Math,SizeFeatures={{Size=8.5-},{Size=6-8.5,Font=latinmode
rn-math.otf,Style=MathScript},{Size=-6,Font=latinmodern-math.otf,Style=MathScri
ptScript}},BoldFont={latinmodern-math.otf}].
(fontspec)              
(fontspec)              This font family consists of the following NFSS
(fontspec)             series/shapes:
(fontspec)              
(fontspec)             - 'normal' (m/n) with NFSS spec.:
(fontspec)             <8.5->s*[1.204272448231791]"[latinmodern-math.otf]/OT:sc
ript=math;language=dflt;"<6-8.5>s*[1.204272448231791]"[latinmodern-math.otf]/OT
:script=math;language=dflt;+ssty=0;"<-6>s*[1.204272448231791]"[latinmodern-math
.otf]/OT:script=math;language=dflt;+ssty=1;"
(fontspec)             - 'small caps'  (m/sc) with NFSS spec.: 
(fontspec)             - 'bold' (b/n) with NFSS spec.:
(fontspec)             <->s*[1.204272448231791]"[latinmodern-math.otf]/OT:scrip
t=math;language=dflt;"
(fontspec)             - 'bold small caps'  (b/sc) with NFSS spec.: 

LaTeX Font Info:    Font shape `TU/latinmodern-math.otf(1)/m/n' will be
(Font)              scaled to size 12.0427pt on input line 144.
LaTeX Font Info:    Encoding `OT1' has changed to `TU' for symbol font
(Font)              `operators' in the math version `normal' on input line 144.

LaTeX Font Info:    Overwriting symbol font `operators' in version `normal'
(Font)                  OT1/lmr/m/n --> TU/latinmodern-math.otf(1)/m/n on input
 line 144.
LaTeX Font Info:    Encoding `OT1' has changed to `TU' for symbol font
(Font)              `operators' in the math version `bold' on input line 144.
LaTeX Font Info:    Overwriting symbol font `operators' in version `bold'
(Font)                  OT1/lmr/bx/n --> TU/latinmodern-math.otf(1)/b/n on inpu
t line 144.

Package fontspec Info: latinmodern-math scale = 1.204272448231791.


Package fontspec Info: latinmodern-math scale = 1.204392875476614.


Package fontspec Info: latinmodern-math scale = 1.204272448231791.


Package fontspec Info: latinmodern-math scale = 1.204392875476614.


Package fontspec Info: latinmodern-math scale = 1.204272448231791.


Package fontspec Info: latinmodern-math scale = 1.204392875476614.


Package fontspec Info: latinmodern-math scale = 1.204272448231791.


Package fontspec Info: latinmodern-math scale = 1.204392875476614.


Package fontspec Info: latinmodern-math scale = 1.204272448231791.


Package fontspec Info: latinmodern-math scale = 1.204392875476614.


Package fontspec Info: Font family 'latinmodern-math.otf(2)' created for font
(fontspec)             'latinmodern-math.otf' with options
(fontspec)             [Scale=MatchLowercase,BoldItalicFont={},ItalicFont={},Sm
allCapsFont={},Script=Math,SizeFeatures={{Size=8.5-},{Size=6-8.5,Font=latinmode
rn-math.otf,Style=MathScript},{Size=-6,Font=latinmodern-math.otf,Style=MathScri
ptScript}},BoldFont={latinmodern-math.otf},ScaleAgain=1.0001,FontAdjustment={\f
ontdimen
(fontspec)             8\font =8.15291pt\relax \fontdimen 9\font
(fontspec)             =4.74483pt\relax \fontdimen 10\font =5.34695pt\relax
(fontspec)             \fontdimen 11\font =8.26129pt\relax \fontdimen 12\font
(fontspec)             =4.15472pt\relax \fontdimen 13\font =4.3715pt\relax
(fontspec)             \fontdimen 14\font =4.3715pt\relax \fontdimen 15\font
(fontspec)             =3.48033pt\relax \fontdimen 16\font =2.97455pt\relax
(fontspec)             \fontdimen 17\font =2.97455pt\relax \fontdimen 18\font
(fontspec)             =3.01068pt\relax \fontdimen 19\font =2.40854pt\relax
(fontspec)             \fontdimen 22\font =3.01068pt\relax \fontdimen 20\font
(fontspec)             =0pt\relax \fontdimen 21\font =0pt\relax }].
(fontspec)              
(fontspec)              This font family consists of the following NFSS
(fontspec)             series/shapes:
(fontspec)              
(fontspec)             - 'normal' (m/n) with NFSS spec.:
(fontspec)             <8.5->s*[1.204392875476614]"[latinmodern-math.otf]/OT:sc
ript=math;language=dflt;"<6-8.5>s*[1.204392875476614]"[latinmodern-math.otf]/OT
:script=math;language=dflt;+ssty=0;"<-6>s*[1.204392875476614]"[latinmodern-math
.otf]/OT:script=math;language=dflt;+ssty=1;"
(fontspec)             - 'small caps'  (m/sc) with NFSS spec.: 
(fontspec)             and font adjustment code:
(fontspec)             \fontdimen 8\font =8.15291pt\relax \fontdimen 9\font
(fontspec)             =4.74483pt\relax \fontdimen 10\font =5.34695pt\relax
(fontspec)             \fontdimen 11\font =8.26129pt\relax \fontdimen 12\font
(fontspec)             =4.15472pt\relax \fontdimen 13\font =4.3715pt\relax
(fontspec)             \fontdimen 14\font =4.3715pt\relax \fontdimen 15\font
(fontspec)             =3.48033pt\relax \fontdimen 16\font =2.97455pt\relax
(fontspec)             \fontdimen 17\font =2.97455pt\relax \fontdimen 18\font
(fontspec)             =3.01068pt\relax \fontdimen 19\font =2.40854pt\relax
(fontspec)             \fontdimen 22\font =3.01068pt\relax \fontdimen 20\font
(fontspec)             =0pt\relax \fontdimen 21\font =0pt\relax 
(fontspec)             - 'bold' (b/n) with NFSS spec.:
(fontspec)             <->s*[1.204392875476614]"[latinmodern-math.otf]/OT:scrip
t=math;language=dflt;"
(fontspec)             - 'bold small caps'  (b/sc) with NFSS spec.: 
(fontspec)             and font adjustment code:
(fontspec)             \fontdimen 8\font =8.15291pt\relax \fontdimen 9\font
(fontspec)             =4.74483pt\relax \fontdimen 10\font =5.34695pt\relax
(fontspec)             \fontdimen 11\font =8.26129pt\relax \fontdimen 12\font
(fontspec)             =4.15472pt\relax \fontdimen 13\font =4.3715pt\relax
(fontspec)             \fontdimen 14\font =4.3715pt\relax \fontdimen 15\font
(fontspec)             =3.48033pt\relax \fontdimen 16\font =2.97455pt\relax
(fontspec)             \fontdimen 17\font =2.97455pt\relax \fontdimen 18\font
(fontspec)             =3.01068pt\relax \fontdimen 19\font =2.40854pt\relax
(fontspec)             \fontdimen 22\font =3.01068pt\relax \fontdimen 20\font
(fontspec)             =0pt\relax \fontdimen 21\font =0pt\relax 

LaTeX Font Info:    Encoding `OMS' has changed to `TU' for symbol font
(Font)              `symbols' in the math version `normal' on input line 144.
LaTeX Font Info:    Overwriting symbol font `symbols' in version `normal'
(Font)                  OMS/lmsy/m/n --> TU/latinmodern-math.otf(2)/m/n on inpu
t line 144.
LaTeX Font Info:    Encoding `OMS' has changed to `TU' for symbol font
(Font)              `symbols' in the math version `bold' on input line 144.
LaTeX Font Info:    Overwriting symbol font `symbols' in version `bold'
(Font)                  OMS/lmsy/b/n --> TU/latinmodern-math.otf(2)/b/n on inpu
t line 144.

Package fontspec Info: latinmodern-math scale = 1.204272448231791.


Package fontspec Info: latinmodern-math scale = 1.204152020986968.


Package fontspec Info: latinmodern-math scale = 1.204272448231791.


Package fontspec Info: latinmodern-math scale = 1.204152020986968.


Package fontspec Info: latinmodern-math scale = 1.204272448231791.


Package fontspec Info: latinmodern-math scale = 1.204152020986968.


Package fontspec Info: latinmodern-math scale = 1.204272448231791.


Package fontspec Info: latinmodern-math scale = 1.204152020986968.


Package fontspec Info: latinmodern-math scale = 1.204272448231791.


Package fontspec Info: latinmodern-math scale = 1.204152020986968.


Package fontspec Info: Font family 'latinmodern-math.otf(3)' created for font
(fontspec)             'latinmodern-math.otf' with options
(fontspec)             [Scale=MatchLowercase,BoldItalicFont={},ItalicFont={},Sm
allCapsFont={},Script=Math,SizeFeatures={{Size=8.5-},{Size=6-8.5,Font=latinmode
rn-math.otf,Style=MathScript},{Size=-6,Font=latinmodern-math.otf,Style=MathScri
ptScript}},BoldFont={latinmodern-math.otf},ScaleAgain=0.9999,FontAdjustment={\f
ontdimen
(fontspec)             8\font =0.4817pt\relax \fontdimen 9\font
(fontspec)             =2.40854pt\relax \fontdimen 10\font =2.01112pt\relax
(fontspec)             \fontdimen 11\font =1.33675pt\relax \fontdimen 12\font
(fontspec)             =7.22562pt\relax \fontdimen 13\font =0pt\relax }].
(fontspec)              
(fontspec)              This font family consists of the following NFSS
(fontspec)             series/shapes:
(fontspec)              
(fontspec)             - 'normal' (m/n) with NFSS spec.:
(fontspec)             <8.5->s*[1.204152020986968]"[latinmodern-math.otf]/OT:sc
ript=math;language=dflt;"<6-8.5>s*[1.204152020986968]"[latinmodern-math.otf]/OT
:script=math;language=dflt;+ssty=0;"<-6>s*[1.204152020986968]"[latinmodern-math
.otf]/OT:script=math;language=dflt;+ssty=1;"
(fontspec)             - 'small caps'  (m/sc) with NFSS spec.: 
(fontspec)             and font adjustment code:
(fontspec)             \fontdimen 8\font =0.4817pt\relax \fontdimen 9\font
(fontspec)             =2.40854pt\relax \fontdimen 10\font =2.01112pt\relax
(fontspec)             \fontdimen 11\font =1.33675pt\relax \fontdimen 12\font
(fontspec)             =7.22562pt\relax \fontdimen 13\font =0pt\relax 
(fontspec)             - 'bold' (b/n) with NFSS spec.:
(fontspec)             <->s*[1.204152020986968]"[latinmodern-math.otf]/OT:scrip
t=math;language=dflt;"
(fontspec)             - 'bold small caps'  (b/sc) with NFSS spec.: 
(fontspec)             and font adjustment code:
(fontspec)             \fontdimen 8\font =0.4817pt\relax \fontdimen 9\font
(fontspec)             =2.40854pt\relax \fontdimen 10\font =2.01112pt\relax
(fontspec)             \fontdimen 11\font =1.33675pt\relax \fontdimen 12\font
(fontspec)             =7.22562pt\relax \fontdimen 13\font =0pt\relax 

LaTeX Font Info:    Encoding `OMX' has changed to `TU' for symbol font
(Font)              `largesymbols' in the math version `normal' on input line 1
44.
LaTeX Font Info:    Overwriting symbol font `largesymbols' in version `normal'
(Font)                  OMX/lmex/m/n --> TU/latinmodern-math.otf(3)/m/n on inpu
t line 144.
LaTeX Font Info:    Encoding `OMX' has changed to `TU' for symbol font
(Font)              `largesymbols' in the math version `bold' on input line 144
.
LaTeX Font Info:    Overwriting symbol font `largesymbols' in version `bold'
(Font)                  OMX/lmex/m/n --> TU/latinmodern-math.otf(3)/b/n on inpu
t line 144.
LaTeX Info: Redefining \microtypecontext on input line 144.
Package microtype Info: Applying patch `item' on input line 144.
Package microtype Info: Applying patch `toc' on input line 144.
Package microtype Info: Applying patch `eqnum' on input line 144.
Package microtype Info: Applying patch `footnote' on input line 144.
Package microtype Info: Character protrusion enabled (level 2).
Package microtype Info: Using protrusion set `basicmath'.
Package microtype Info: No adjustment of tracking.
Package microtype Info: No adjustment of spacing.
Package microtype Info: No adjustment of kerning.
Package microtype Info: Loading generic protrusion settings for font family
(microtype)             `DejaVuSerif' (encoding: TU).
(microtype)             For optimal results, create family-specific settings.
(microtype)             See the microtype manual for details.
Package hyperref Info: Link coloring ON on input line 144.

(/usr/share/texlive/texmf-dist/tex/latex/hyperref/nameref.sty
Package: nameref 2021-04-02 v2.47 Cross-referencing by name of section

(/usr/share/texlive/texmf-dist/tex/latex/refcount/refcount.sty
Package: refcount 2019/12/15 v3.6 Data extraction from label references (HO)
)
(/usr/share/texlive/texmf-dist/tex/generic/gettitlestring/gettitlestring.sty
Package: gettitlestring 2019/12/15 v1.6 Cleanup title references (HO)
)
\c@section@level=\count319
)
LaTeX Info: Redefining \ref on input line 144.
LaTeX Info: Redefining \pageref on input line 144.
LaTeX Info: Redefining \nameref on input line 144.

*geometry* driver: auto-detecting
*geometry* detected driver: xetex
*geometry* verbose mode - [ preamble ] result:
* driver: xetex
* paper: <default>
* layout: <same size as paper>
* layoutoffset:(h,v)=(0.0pt,0.0pt)
* modes: includehead includefoot 
* h-part:(L,W,R)=(19.91684pt, 574.46132pt, 19.91684pt)
* v-part:(T,H,B)=(19.91684pt, 755.1363pt, 19.91684pt)
* \paperwidth=614.295pt
* \paperheight=794.96999pt
* \textwidth=574.46132pt
* \textheight=688.1363pt
* \oddsidemargin=-52.35315pt
* \evensidemargin=-52.35315pt
* \topmargin=-52.35315pt
* \headheight=12.0pt
* \headsep=25.0pt
* \topskip=10.0pt
* \footskip=30.0pt
* \marginparwidth=65.0pt
* \marginparsep=11.0pt
* \columnsep=10.0pt
* \skip\footins=9.0pt plus 4.0pt minus 2.0pt
* \hoffset=0.0pt
* \voffset=0.0pt
* \mag=1000
* \@twocolumnfalse
* \@twosidefalse
* \@mparswitchfalse
* \@reversemarginfalse
* (1in=72.27pt=25.4mm, 1cm=28.453pt)


Package hyperref Warning: Option `colorlinks' has already been used,
(hyperref)                setting the option has no effect on input line 144.

LaTeX Font Info:    Font shape `TU/DejaVuSerif(0)/m/n' will be
(Font)              scaled to size 17.28pt on input line 146.
LaTeX Font Info:    Font shape `TU/DejaVuSerif(0)/m/n' will be
(Font)              scaled to size 12.0pt on input line 146.
LaTeX Font Info:    Font shape `TU/latinmodern-math.otf(1)/m/n' will be
(Font)              scaled to size 14.45123pt on input line 146.
LaTeX Font Info:    Font shape `TU/latinmodern-math.otf(1)/m/n' will be
(Font)              scaled to size 9.63416pt on input line 146.
LaTeX Font Info:    Font shape `TU/latinmodern-math.otf(1)/m/n' will be
(Font)              scaled to size 7.22562pt on input line 146.
LaTeX Font Info:    Trying to load font information for OML+lmm on input line 1
46.
(/usr/share/texmf/tex/latex/lm/omllmm.fd
File: omllmm.fd 2009/10/30 v1.6 Font defs for Latin Modern
)
LaTeX Font Info:    Font shape `TU/latinmodern-math.otf(2)/m/n' will be
(Font)              scaled to size 14.4527pt on input line 146.
LaTeX Font Info:    Font shape `TU/latinmodern-math.otf(2)/m/n' will be
(Font)              scaled to size 9.63513pt on input line 146.
LaTeX Font Info:    Font shape `TU/latinmodern-math.otf(2)/m/n' will be
(Font)              scaled to size 7.22635pt on input line 146.
LaTeX Font Info:    Font shape `TU/latinmodern-math.otf(3)/m/n' will be
(Font)              scaled to size 14.44977pt on input line 146.
LaTeX Font Info:    Font shape `TU/latinmodern-math.otf(3)/m/n' will be
(Font)              scaled to size 9.63318pt on input line 146.
LaTeX Font Info:    Font shape `TU/latinmodern-math.otf(3)/m/n' will be
(Font)              scaled to size 7.22488pt on input line 146.
LaTeX Font Info:    Trying to load font information for U+msa on input line 146
.

(/usr/share/texlive/texmf-dist/tex/latex/amsfonts/umsa.fd
File: umsa.fd 2013/01/14 v3.01 AMS symbols A
)
(/usr/share/texlive/texmf-dist/tex/latex/microtype/mt-msa.cfg
File: mt-msa.cfg 2006/02/04 v1.1 microtype config. file: AMS symbols (a) (RS)
)
LaTeX Font Info:    Trying to load font information for U+msb on input line 146
.

(/usr/share/texlive/texmf-dist/tex/latex/amsfonts/umsb.fd
File: umsb.fd 2013/01/14 v3.01 AMS symbols B
)
(/usr/share/texlive/texmf-dist/tex/latex/microtype/mt-msb.cfg
File: mt-msb.cfg 2005/06/01 v1.0 microtype config. file: AMS symbols (b) (RS)
)
LaTeX Font Info:    Font shape `TU/DejaVuSerif(0)/m/n' will be
(Font)              scaled to size 14.4pt on input line 150.
LaTeX Font Info:    Font shape `TU/DejaVuSerif(0)/b/n' will be
(Font)              scaled to size 14.4pt on input line 150.

(/home/trim/Documents/GitHub/QuadMath/quadmath/output/pdf/quadmath_review.toc)
\tf@toc=\write4
\openout4 = `quadmath_review.toc'.

LaTeX Font Info:    Font shape `TU/DejaVuSerif(0)/b/n' will be
(Font)              scaled to size 12.0pt on input line 158.
LaTeX Font Info:    Font shape `TU/latinmodern-math.otf(1)/m/n' will be
(Font)              scaled to size 8.42989pt on input line 181.
LaTeX Font Info:    Font shape `TU/latinmodern-math.otf(1)/m/n' will be
(Font)              scaled to size 6.02135pt on input line 181.
LaTeX Font Info:    Font shape `TU/latinmodern-math.otf(2)/m/n' will be
(Font)              scaled to size 12.04391pt on input line 181.
LaTeX Font Info:    Font shape `TU/latinmodern-math.otf(2)/m/n' will be
(Font)              scaled to size 8.43074pt on input line 181.
LaTeX Font Info:    Font shape `TU/latinmodern-math.otf(2)/m/n' will be
(Font)              scaled to size 6.02196pt on input line 181.
LaTeX Font Info:    Font shape `TU/latinmodern-math.otf(3)/m/n' will be
(Font)              scaled to size 12.04147pt on input line 181.
LaTeX Font Info:    Font shape `TU/latinmodern-math.otf(3)/m/n' will be
(Font)              scaled to size 8.42903pt on input line 181.
LaTeX Font Info:    Font shape `TU/latinmodern-math.otf(3)/m/n' will be
(Font)              scaled to size 6.02074pt on input line 181.
LaTeX Font Info:    Font shape `TU/DejaVuSerif(0)/m/n' will be
(Font)              scaled to size 7.0pt on input line 181.
LaTeX Font Info:    Font shape `TU/DejaVuSansMono(0)/m/n' will be
(Font)              scaled to size 9.49112pt on input line 206.

[1

]
LaTeX Font Info:    Font shape `TU/DejaVuSerif(0)/b/n' will be
(Font)              scaled to size 10.0pt on input line 253.


LaTeX Warning: Reference `eq:lattice_det' on page 2 undefined on input line 253
.


LaTeX Warning: Reference `eq:supp_fim' on page 2 undefined on input line 253.


LaTeX Warning: Reference `fig:volumes_scale' on page 2 undefined on input line 
254.

[2]
Overfull \hbox (27.23747pt too wide) in paragraph at lines 457--461
[]\TU/DejaVuSerif(0)/b/n/10 Length-based volume\TU/DejaVuSerif(0)/m/n/10 : \TU/
DejaVuSansMono(0)/m/n/10 src/cayley_menger.py \TU/DejaVuSerif(0)/m/n/10 (\TU/De
jaVuSansMono(0)/m/n/10 tetra_volume_cayley_menger\TU/DejaVuSerif(0)/m/n/10 , \T
U/DejaVuSansMono(0)/m/n/10 ivm_tetra_volume_cayley_menger\TU/DejaVuSerif(0)/m/n
/10 ). 
 []

File: figures/graphical_abstract_quadray.png Graphic file (type bmp)
<figures/graphical_abstract_quadray.png>
LaTeX Font Info:    Font shape `TU/DejaVuSerif(0)/b/n' will be
(Font)              scaled to size 8.0pt on input line 513.
[3] [4]
File: figures/ivm_neighbors_edges.png Graphic file (type bmp)
<figures/ivm_neighbors_edges.png>
File: figures/quadray_clouds.png Graphic file (type bmp)
<figures/quadray_clouds.png>
File: figures/vector_equilibrium_panels.png Graphic file (type bmp)
<figures/vector_equilibrium_panels.png>
 [5] [6]
LaTeX Font Info:    Font shape `TU/DejaVuSerif(1)/m/n' will be
(Font)              scaled to size 10.0pt on input line 727.
LaTeX Font Info:    Font shape `TU/DejaVuSerif(1)/m/n' will be
(Font)              scaled to size 7.0pt on input line 727.
LaTeX Font Info:    Font shape `TU/DejaVuSerif(1)/m/n' will be
(Font)              scaled to size 5.0pt on input line 727.
 [7] [8]

LaTeX Warning: Reference `eq:cayley_menger' on page 9 undefined on input line 7
58.

[9]

LaTeX Warning: Reference `fig:polyhedra_quadray_map' on page 10 undefined on in
put line 896.


LaTeX Warning: Reference `fig:polyhedra_quadray_map' on page 10 undefined on in
put line 924.

LaTeX Font Info:    Font shape `TU/DejaVuSansMono(0)/b/n' will be
(Font)              scaled to size 9.49112pt on input line 985.
LaTeX Font Info:    Font shape `TU/DejaVuSansMono(0)/m/it' will be
(Font)              scaled to size 9.49112pt on input line 987.
[10] [11]
Underfull \hbox (badness 10000) in paragraph at lines 1173--1173
[]\TU/DejaVuSerif(0)/m/n/10 Table 2: Polyhedra tetravolumes in IVM units
 []


Underfull \hbox (badness 10000) in paragraph at lines 1173--1173
\TU/DejaVuSerif(0)/m/n/10 (edge length equal to the unit tetra edge).
 []


Package longtable Warning: Column widths have changed
(longtable)                in table 2 on input line 1188.

[12]

LaTeX Warning: Reference `eq:ace5x5' on page 13 undefined on input line 1272.


Overfull \hbox (17.38995pt too wide) detected at line 1297
[][][][][] [][] [] [][][][][][][] [] [][] [][][] [] [][] [] [][][][] [] [][] []
[][] [] [][] [] [][][][] [] [][] [][][] [] [][] [] [][][][] [] [][][] [] [][] [
] [][][][][][] [] [][] [] [][][][][][] [] [][] [] [][][] []
 []

[13]
Overfull \hbox (4.75081pt too wide) in paragraph at lines 1350--1353
[]\TU/DejaVuSerif(0)/m/n/10 Figure: automated comparison (native Ace 55 vs CM+
S3) across small examples (see script \TU/DejaVuSansMono(0)/m/n/10 sympy_formal
isms.py\TU/DejaVuSerif(0)/m/n/10 ).
 []

File: figures/bridging_vs_native.png Graphic file (type bmp)
<figures/bridging_vs_native.png>
File: figures/polyhedra_quadray_constructions.png Graphic file (type bmp)
<figures/polyhedra_quadray_constructions.png>
[14] [15] [16]

LaTeX Warning: Reference `eq:xyz_det' on page 17 undefined on input line 1484.

[17] [18] [19]
Overfull \hbox (31.08638pt too wide) in paragraph at lines 1855--1859
[]\TU/DejaVuSerif(0)/m/n/10 Reflection/Expansion/Contraction: compute candidate
; round to nearest integer; renormalize by adding/subtracting
 []

[20]
File: figures/simplex_trace.png Graphic file (type bmp)
<figures/simplex_trace.png>
File: figures/volumes_scale_plot.png Graphic file (type bmp)
<figures/volumes_scale_plot.png>
LaTeX Font Info:    Font shape `TU/DejaVuSerif(0)/m/n' will be
(Font)              scaled to size 5.0pt on input line 1924.


LaTeX Warning: Reference `fig:simplex_final' on page 21 undefined on input line
 1928.


LaTeX Warning: Reference `fig:volumes_scale' on page 21 undefined on input line
 1929.

File: figures/simplex_final.png Graphic file (type bmp)
<figures/simplex_final.png>

LaTeX Warning: Reference `fig:simplex_trace' on page 21 undefined on input line
 1935.


LaTeX Warning: Reference `fig:simplex_trace' on page 21 undefined on input line
 1935.


Overfull \hbox (83.8384pt too wide) in paragraph at lines 1939--1944
[]\TU/DejaVuSerif(0)/m/n/10 Raw artifacts: the full trajectory animation \TU/De
jaVuSansMono(0)/m/n/10 simplex_animation.mp4 \TU/DejaVuSerif(0)/m/n/10 and per-
frame vertices (\TU/DejaVuSansMono(0)/m/n/10 simplex_animation_vertices.csv\TU/
DejaVuSerif(0)/m/n/10 /\TU/DejaVuSansMono(0)/m/n/10 .npz\TU/DejaVuSerif(0)/m/n/
10 )
 []


Overfull \hbox (48.03542pt too wide) in paragraph at lines 2006--2013
[]\TU/DejaVuSerif(0)/b/n/10 Fisher Information as metric\TU/DejaVuSerif(0)/m/n/
10 : use the empirical estimator \TU/DejaVuSansMono(0)/m/n/10 F = (1/N) \sum g 
g^\top \TU/DejaVuSerif(0)/m/n/10 from \TU/DejaVuSansMono(0)/m/n/10 fisher_infor
mation_matrix
 []

[21] [22] [23] [24]

LaTeX Warning: Reference `fig:fisher_information_matrix' on page 25 undefined o
n input line 2018.


LaTeX Warning: Reference `fig:fim_eigenspectrum' on page 25 undefined on input 
line 2019.

File: figures/fisher_information_matrix.png Graphic file (type bmp)
<figures/fisher_information_matrix.png>

LaTeX Warning: Reference `eq:supp_natgrad' on page 25 undefined on input line 2
026.


LaTeX Warning: Reference `eq:supp_natgrad' on page 25 undefined on input line 2
026.

File: figures/fisher_information_eigenspectrum.png Graphic file (type bmp)
<figures/fisher_information_eigenspectrum.png>

LaTeX Warning: Reference `fig:fisher_information_matrix' on page 25 undefined o
n input line 2033.


LaTeX Warning: Reference `fig:fisher_information_matrix' on page 25 undefined o
n input line 2033.

File: figures/natural_gradient_path.png Graphic file (type bmp)
<figures/natural_gradient_path.png>

LaTeX Warning: Reference `eq:supp_natgrad' on page 25 undefined on input line 2
040.


LaTeX Warning: Reference `eq:supp_natgrad' on page 25 undefined on input line 2
040.

File: figures/free_energy_curve.png Graphic file (type bmp)
<figures/free_energy_curve.png>

LaTeX Warning: Reference `eq:supp_free_energy' on page 25 undefined on input li
ne 2047.


LaTeX Warning: Reference `fig:partition_tetrahedron' on page 25 undefined on in
put line 2047.


LaTeX Warning: Reference `eq:supp_free_energy' on page 25 undefined on input li
ne 2047.


LaTeX Warning: Reference `fig:partition_tetrahedron' on page 25 undefined on in
put line 2047.

[25] [26] [27] [28]

LaTeX Warning: Reference `fig:simplex_final' on page 29 undefined on input line
 2111.


LaTeX Warning: Reference `fig:discrete_path' on page 29 undefined on input line
 2115.


LaTeX Warning: Reference `eq:supp_free_energy' on page 29 undefined on input li
ne 2173.


LaTeX Warning: Reference `eq:supp_natgrad' on page 29 undefined on input line 2
178.

[29]

LaTeX Warning: Reference `eq:supp_fim' on page 30 undefined on input line 2379.



LaTeX Warning: Reference `eq:supp_natgrad' on page 30 undefined on input line 2
379.

[30]

LaTeX Warning: Reference `fig:fim_eigenspectrum' on page 31 undefined on input 
line 2418.


LaTeX Warning: Reference `eq:supp_natgrad' on page 31 undefined on input line 2
423.


LaTeX Warning: Reference `eq:supp_fim' on page 31 undefined on input line 2433.



LaTeX Warning: Reference `eq:supp_natgrad' on page 31 undefined on input line 2
433.

[31]

LaTeX Warning: Reference `fig:bridging_native' on page 32 undefined on input li
ne 2532.

[32] [33]
Overfull \hbox (9.0498pt too wide) in paragraph at lines 2807--2812
[]\TU/DejaVuSansMono(0)/m/n/10 QuadCraft_Project.ipynb\TU/DejaVuSerif(0)/m/n/10
 : Interactive tutorials; CCP navigation and tetra demos ([][]QuadCraft_Project
.ipynb
 []


Overfull \hbox (28.61868pt too wide) in paragraph at lines 2812--2817
[]\TU/DejaVuSansMono(0)/m/n/10 Qvolume.ipynb\TU/DejaVuSerif(0)/m/n/10 : Tom Ace
 55 determinant; random-walk IVM volumes ([][]Qvolume.ipynb  School_of_Tomorr
ow[][]) 
 []


Underfull \hbox (badness 5345) in paragraph at lines 2817--2822
[]\TU/DejaVuSansMono(0)/m/n/10 VolumeTalk.ipynb\TU/DejaVuSerif(0)/m/n/10 : Brid
ging (CM/PdF) vs native (Ace/GdJ) tetravolumes ([][]VolumeTalk.ipynb 
 []

LaTeX Font Info:    Font shape `TU/DejaVuSerif(0)/b/n' will be
(Font)              scaled to size 7.0pt on input line 2967.
[34]

LaTeX Warning: Reference `eq:supp_fim' on page 35 undefined on input line 3001.



LaTeX Warning: Reference `eq:supp_natgrad' on page 35 undefined on input line 3
005.

[35] [36]
File: figures/natural_gradient_path.png Graphic file (type bmp)
<figures/natural_gradient_path.png>


LaTeX Warning: Reference `eq:supp_natgrad' on page 37 undefined on input line 3
247.


LaTeX Warning: Reference `eq:supp_natgrad' on page 37 undefined on input line 3
247.

File: figures/free_energy_curve.png Graphic file (type bmp)
<figures/free_energy_curve.png>

LaTeX Warning: Reference `eq:supp_free_energy' on page 37 undefined on input li
ne 3254.


LaTeX Warning: Reference `eq:supp_free_energy' on page 37 undefined on input li
ne 3254.

File: figures/discrete_path_final.png Graphic file (type bmp)
<figures/discrete_path_final.png>
File: figures/bridging_vs_native.png Graphic file (type bmp)
<figures/bridging_vs_native.png>
[37] [38] [39]
Underfull \hbox (badness 2726) in paragraph at lines 3327--3331
[]\TU/DejaVuSansMono(0)/m/n/10 fisher_information_eigenvalues.csv \TU/DejaVuSer
if(0)/m/n/10 / \TU/DejaVuSansMono(0)/m/n/10 fisher_information_eigensystem.npz\
TU/DejaVuSerif(0)/m/n/10 : eigenspectrum and
 []

[40]

LaTeX Warning: Reference `eq:supp_free_energy' on page 41 undefined on input li
ne 3421.


LaTeX Warning: Reference `eq:supp_fim' on page 41 undefined on input line 3432.



LaTeX Warning: Reference `eq:supp_natgrad' on page 41 undefined on input line 3
440.


LaTeX Warning: Reference `fig:fisher_information_matrix' on page 41 undefined o
n input line 3451.


LaTeX Warning: Reference `fig:fim_eigenspectrum' on page 41 undefined on input 
line 3452.


LaTeX Warning: Reference `fig:natural_gradient_path' on page 41 undefined on in
put line 3452.


LaTeX Warning: Reference `fig:free_energy_curve' on page 41 undefined on input 
line 3453.


Underfull \hbox (badness 1052) in paragraph at lines 3455--3460
[]\TU/DejaVuSerif(0)/m/n/10 Discrete variational optimization on the quadray la
ttice: \TU/DejaVuSansMono(0)/m/n/10 discrete_ivm_descent \TU/DejaVuSerif(0)/m/n
/10 greedily descends a free-
 []

File: figures/partition_tetrahedron.png Graphic file (type bmp)
<figures/partition_tetrahedron.png>
[41] [42]

LaTeX Warning: Reference `fig:partition_tetrahedron' on page 43 undefined on in
put line 3520.

[43]
Overfull \hbox (63.00266pt too wide) in paragraph at lines 3644--3649
[]\TU/DejaVuSerif(0)/b/n/10 Visualizations\TU/DejaVuSerif(0)/m/n/10 : \TU/DejaV
uSansMono(0)/m/n/10 fisher_information_matrix.png\TU/DejaVuSerif(0)/m/n/10 , \T
U/DejaVuSansMono(0)/m/n/10 fisher_information_eigenspectrum.png\TU/DejaVuSerif(
0)/m/n/10 , \TU/DejaVuSansMono(0)/m/n/10 natural_gradient_path.png\TU/DejaVuSer
if(0)/m/n/10 ,
 []


Package longtable Warning: Column widths have changed
(longtable)                in table 4 on input line 3682.

[44]

Package longtable Warning: Column widths have changed
(longtable)                in table 6 on input line 3860.


LaTeX Warning: Reference `eq:supp_fim' on page 45 undefined on input line 3909.



LaTeX Warning: Reference `eq:supp_free_energy' on page 45 undefined on input li
ne 3917.


LaTeX Warning: Reference `eq:supp_minkowski' on page 45 undefined on input line
 3953.

[45]

LaTeX Warning: Reference `fig:volumes_scale' on page 46 undefined on input line
 4066.


LaTeX Warning: Reference `eq:lattice_det' on page 46 undefined on input line 40
69.

[46]
Overfull \hbox (73.76671pt too wide) in paragraph at lines 4196--4197
[]\TU/DejaVuSansMono(0)/m/n/10 ivm_tetra_volume_cayley_menger|  
 []


Overfull \hbox (50.91017pt too wide) in paragraph at lines 4207--4208
[]\TU/DejaVuSansMono(0)/m/n/10 tetra_volume_cayley_menger|  
 []


Overfull \hbox (16.62535pt too wide) in paragraph at lines 4241--4242
[]\TU/DejaVuSansMono(0)/m/n/10 discrete_variational|  
 []


Overfull \hbox (5.1971pt too wide) in paragraph at lines 4247--4248
\TU/DejaVuSansMono(0)/m/n/10 crete_variational[] 
 []


Overfull \hbox (16.62535pt too wide) in paragraph at lines 4252--4253
[]\TU/DejaVuSansMono(0)/m/n/10 discrete_variational|  
 []


Overfull \hbox (16.62535pt too wide) in paragraph at lines 4264--4265
[]\TU/DejaVuSansMono(0)/m/n/10 discrete_variational|  
 []


Overfull \hbox (16.62535pt too wide) in paragraph at lines 4266--4267
[]\TU/DejaVuSansMono(0)/m/n/10 discrete_ivm_descent|  
 []


Overfull \hbox (16.62535pt too wide) in paragraph at lines 4275--4276
[]\TU/DejaVuSansMono(0)/m/n/10 discrete_variational|  
 []


Overfull \hbox (5.19708pt too wide) in paragraph at lines 4277--4278
[]\TU/DejaVuSansMono(0)/m/n/10 neighbor_moves_ivm|  
 []


Overfull \hbox (79.48085pt too wide) in paragraph at lines 4288--4289
[]\TU/DejaVuSansMono(0)/m/n/10 example_cuboctahedron_neighbors|  
 []


Overfull \hbox (96.62326pt too wide) in paragraph at lines 4299--4300
[]\TU/DejaVuSansMono(0)/m/n/10 example_cuboctahedron_vertices_xyz|  
 []


Overfull \hbox (22.3395pt too wide) in paragraph at lines 4310--4311
[]\TU/DejaVuSansMono(0)/m/n/10 example_ivm_neighbors|  
 []


Overfull \hbox (73.76671pt too wide) in paragraph at lines 4334--4335
[]\TU/DejaVuSansMono(0)/m/n/10 example_partition_tetra_volume|  
 []


Overfull \hbox (5.19708pt too wide) in paragraph at lines 4358--4359
[]\TU/DejaVuSansMono(0)/m/n/10 minkowski_interval|  
 []


Overfull \hbox (10.91122pt too wide) in paragraph at lines 4373--4374
\TU/DejaVuSansMono(0)/m/n/10 ate_markdown_table[] 
 []


Overfull \hbox (22.3395pt too wide) in paragraph at lines 4373--4374
\TU/DejaVuSansMono(0)/m/n/10 ject_between_markers[] 
 []


Overfull \hbox (45.19604pt too wide) in paragraph at lines 4373--4374
\TU/DejaVuSansMono(0)/m/n/10 nite_difference_gradient[] 
 []


Overfull \hbox (56.62431pt too wide) in paragraph at lines 4373--4374
[]\TU/DejaVuSansMono(0)/m/n/10 fisher_information_matrix[] 
 []


Overfull \hbox (5.1971pt too wide) in paragraph at lines 4373--4374
[]\TU/DejaVuSansMono(0)/m/n/10 (log_p_o_given_s, 
 []


Overfull \hbox (5.1971pt too wide) in paragraph at lines 4373--4374
\TU/DejaVuSansMono(0)/m/n/10 ral_gradient_step[] 
 []


Overfull \hbox (45.19604pt too wide) in paragraph at lines 4373--4374
[]\TU/DejaVuSansMono(0)/m/n/10 bareiss_determinant_int[] 
 []


Overfull \hbox (10.91124pt too wide) in paragraph at lines 4373--4374
[]\TU/DejaVuSansMono(0)/m/n/10 fim_eigenspectrum[] 
 []


Overfull \hbox (5.1971pt too wide) in paragraph at lines 4373--4374
[]\TU/DejaVuSansMono(0)/m/n/10 (path_gradients)[] 
 []


Overfull \hbox (22.33951pt too wide) in paragraph at lines 4373--4374
[]\TU/DejaVuSansMono(0)/m/n/10 nelder_mead_quadray[] 
 []


Overfull \hbox (10.91122pt too wide) in paragraph at lines 4378--4379
[]\TU/DejaVuSansMono(0)/m/n/10 nelder_mead_quadray|  
 []


Overfull \hbox (5.19708pt too wide) in paragraph at lines 4380--4381
[]\TU/DejaVuSansMono(0)/m/n/10 centroid_excluding|  
 []


Overfull \hbox (10.91122pt too wide) in paragraph at lines 4389--4390
[]\TU/DejaVuSansMono(0)/m/n/10 nelder_mead_quadray|  
 []


Overfull \hbox (10.91122pt too wide) in paragraph at lines 4400--4401
[]\TU/DejaVuSansMono(0)/m/n/10 nelder_mead_quadray|  
 []


Overfull \hbox (10.91122pt too wide) in paragraph at lines 4402--4403
[]\TU/DejaVuSansMono(0)/m/n/10 nelder_mead_quadray|  
 []


Overfull \hbox (10.91122pt too wide) in paragraph at lines 4411--4412
[]\TU/DejaVuSansMono(0)/m/n/10 nelder_mead_quadray|  
 []


Overfull \hbox (10.91122pt too wide) in paragraph at lines 4423--4424
[]\TU/DejaVuSansMono(0)/m/n/10 nelder_mead_quadray|  
 []


Overfull \hbox (5.19708pt too wide) in paragraph at lines 4425--4426
[]\TU/DejaVuSansMono(0)/m/n/10 project_to_lattice|  
 []


Overfull \hbox (10.91122pt too wide) in paragraph at lines 4454--4455
\TU/DejaVuSansMono(0)/m/n/10 math/output/figures 
 []


Overfull \hbox (10.91122pt too wide) in paragraph at lines 4495--4496
[]\TU/DejaVuSansMono(0)/m/n/10 ace_tetravolume_5x5|  
 []


Overfull \hbox (16.62535pt too wide) in paragraph at lines 4518--4519
[]\TU/DejaVuSansMono(0)/m/n/10 integer_tetra_volume|  
 []


Overfull \hbox (68.05258pt too wide) in paragraph at lines 4554--4555
[]\TU/DejaVuSansMono(0)/m/n/10 cayley_menger_volume_symbolic|  
 []


Overfull \hbox (96.62326pt too wide) in paragraph at lines 4566--4567
[]\TU/DejaVuSansMono(0)/m/n/10 convert_xyz_volume_to_ivm_symbolic|  
 []


Overfull \hbox (22.3395pt too wide) in paragraph at lines 4577--4578
[]\TU/DejaVuSansMono(0)/m/n/10 animate_discrete_path|  
 []


Overfull \hbox (5.19708pt too wide) in paragraph at lines 4599--4600
[]\TU/DejaVuSansMono(0)/m/n/10 plot_ivm_neighbors|  
 []


Overfull \hbox (50.91017pt too wide) in paragraph at lines 4610--4611
[]\TU/DejaVuSansMono(0)/m/n/10 plot_partition_tetrahedron|  
 []


Overfull \hbox (5.19708pt too wide) in paragraph at lines 4621--4622
[]\TU/DejaVuSansMono(0)/m/n/10 plot_simplex_trace|  
 []

[47] [48] [49] [50] [51]

Package longtable Warning: Table widths have changed. Rerun LaTeX.

[52]
(/home/trim/Documents/GitHub/QuadMath/quadmath/output/pdf/quadmath_review.aux)

LaTeX Warning: There were undefined references.


LaTeX Warning: Label(s) may have changed. Rerun to get cross-references right.

 ) 
Here is how much of TeX's memory you used:
 19844 strings out of 478190
 371512 string characters out of 5854827
 900735 words of memory out of 5000000
 40122 multiletter control sequences out of 15000+600000
 476659 words of font info for 107 fonts, out of 8000000 for 9000
 14 hyphenation exceptions out of 8191
 86i,11n,122p,4188b,505s stack positions out of 5000i,500n,10000p,200000b,80000s

Output written on /home/trim/Documents/GitHub/QuadMath/quadmath/output/pdf/quad
math_review.pdf (52 pages).
